E, [2015-06-29T17:58:41.157695 #28913] ERROR -- Kitchen: ------Exception-------
E, [2015-06-29T17:58:41.157764 #28913] ERROR -- Kitchen: Class: Kitchen::UserError
E, [2015-06-29T17:58:41.157788 #28913] ERROR -- Kitchen: Message: Kitchen YAML file /home/chef/.kitchen.yml does not exist.
E, [2015-06-29T17:58:41.157805 #28913] ERROR -- Kitchen: ------Backtrace-------
E, [2015-06-29T17:58:41.157820 #28913] ERROR -- Kitchen: /opt/chefdk/embedded/apps/test-kitchen/lib/kitchen/loader/yaml.rb:74:in `read'
E, [2015-06-29T17:58:41.157835 #28913] ERROR -- Kitchen: /opt/chefdk/embedded/apps/test-kitchen/lib/kitchen/config.rb:145:in `data'
E, [2015-06-29T17:58:41.157858 #28913] ERROR -- Kitchen: /opt/chefdk/embedded/apps/test-kitchen/lib/kitchen/config.rb:124:in `suites'
E, [2015-06-29T17:58:41.157873 #28913] ERROR -- Kitchen: /opt/chefdk/embedded/apps/test-kitchen/lib/kitchen/config.rb:175:in `filter_instances'
E, [2015-06-29T17:58:41.157887 #28913] ERROR -- Kitchen: /opt/chefdk/embedded/apps/test-kitchen/lib/kitchen/config.rb:134:in `build_instances'
E, [2015-06-29T17:58:41.157901 #28913] ERROR -- Kitchen: /opt/chefdk/embedded/apps/test-kitchen/lib/kitchen/config.rb:110:in `instances'
E, [2015-06-29T17:58:41.157915 #28913] ERROR -- Kitchen: /opt/chefdk/embedded/apps/test-kitchen/lib/kitchen/command.rb:115:in `filtered_instances'
E, [2015-06-29T17:58:41.157929 #28913] ERROR -- Kitchen: /opt/chefdk/embedded/apps/test-kitchen/lib/kitchen/command.rb:145:in `parse_subcommand'
E, [2015-06-29T17:58:41.157943 #28913] ERROR -- Kitchen: /opt/chefdk/embedded/apps/test-kitchen/lib/kitchen/command/list.rb:32:in `call'
E, [2015-06-29T17:58:41.157956 #28913] ERROR -- Kitchen: /opt/chefdk/embedded/apps/test-kitchen/lib/kitchen/cli.rb:56:in `perform'
E, [2015-06-29T17:58:41.157982 #28913] ERROR -- Kitchen: /opt/chefdk/embedded/apps/test-kitchen/lib/kitchen/cli.rb:108:in `list'
E, [2015-06-29T17:58:41.157996 #28913] ERROR -- Kitchen: /opt/chefdk/embedded/lib/ruby/gems/2.1.0/gems/thor-0.19.1/lib/thor/command.rb:27:in `run'
E, [2015-06-29T17:58:41.158022 #28913] ERROR -- Kitchen: /opt/chefdk/embedded/lib/ruby/gems/2.1.0/gems/thor-0.19.1/lib/thor/invocation.rb:126:in `invoke_command'
E, [2015-06-29T17:58:41.158036 #28913] ERROR -- Kitchen: /opt/chefdk/embedded/apps/test-kitchen/lib/kitchen/cli.rb:308:in `invoke_task'
E, [2015-06-29T17:58:41.158049 #28913] ERROR -- Kitchen: /opt/chefdk/embedded/lib/ruby/gems/2.1.0/gems/thor-0.19.1/lib/thor.rb:359:in `dispatch'
E, [2015-06-29T17:58:41.158063 #28913] ERROR -- Kitchen: /opt/chefdk/embedded/lib/ruby/gems/2.1.0/gems/thor-0.19.1/lib/thor/base.rb:440:in `start'
E, [2015-06-29T17:58:41.158076 #28913] ERROR -- Kitchen: /opt/chefdk/embedded/apps/test-kitchen/bin/kitchen:13:in `block in <top (required)>'
E, [2015-06-29T17:58:41.158090 #28913] ERROR -- Kitchen: /opt/chefdk/embedded/apps/test-kitchen/lib/kitchen/errors.rb:154:in `with_friendly_errors'
E, [2015-06-29T17:58:41.158104 #28913] ERROR -- Kitchen: /opt/chefdk/embedded/apps/test-kitchen/bin/kitchen:13:in `<top (required)>'
E, [2015-06-29T17:58:41.158117 #28913] ERROR -- Kitchen: /opt/chefdk/bin/kitchen:15:in `load'
E, [2015-06-29T17:58:41.158130 #28913] ERROR -- Kitchen: /opt/chefdk/bin/kitchen:15:in `<main>'
E, [2015-06-29T17:58:41.158143 #28913] ERROR -- Kitchen: ----------------------
